<?xml version="1.0" encoding="UTF-8"?>
<testng-results ignored="2" total="2" passed="0" failed="0" skipped="0">
  <reporter-output>
  </reporter-output>
  <suite started-at="2024-01-22T18:35:37Z" name="Default suite" finished-at="2024-01-22T18:37:01Z" duration-ms="84397">
    <groups>
    </groups>
    <test started-at="2024-01-22T18:35:37Z" name="Default test" finished-at="2024-01-22T18:37:01Z" duration-ms="84397">
      <class name="automationproject.modularreusable">
        <test-method is-config="true" signature="open()[pri:0, instance:automationproject.modularreusable@5167f57d]" started-at="2024-01-23T00:05:37Z" name="open" finished-at="2024-01-23T00:07:01Z" duration-ms="83637" status="PASS">
          <reporter-output>
          </reporter-output>
        </test-method> <!-- open -->
        <test-method is-config="true" signature="close()[pri:0, instance:automationproject.modularreusable@5167f57d]" started-at="2024-01-23T00:07:01Z" name="close" finished-at="2024-01-23T00:07:01Z" duration-ms="728" status="PASS">
          <reporter-output>
          </reporter-output>
        </test-method> <!-- close -->
      </class> <!-- automationproject.modularreusable -->
    </test> <!-- Default test -->
  </suite> <!-- Default suite -->
</testng-results>
