<?xml version="1.0" encoding="UTF-8"?>
<!-- Generated by org.testng.reporters.JUnitXMLReporter -->
<testsuite ignored="2" hostname="DESKTOP-P70740K" failures="0" tests="0" time="84.397" errors="0" timestamp="22 Jan 2024 18:37:06 GMT">
  <testcase classname="automationproject.modularreusable" name="login" time="0.0">
    <ignored/>
  </testcase> <!-- login -->
  <testcase classname="automationproject.modularreusable" name="logout" time="0.0">
    <ignored/>
  </testcase> <!-- logout -->
</testsuite>
